<?xml version="1.0" encoding="UTF-8"?>
<!-- Generated by org.testng.reporters.JUnitXMLReporter -->
<testsuite ignored="0" hostname="IND-L-AADXBK9KO" failures="1" tests="2" name="Integration" time="13.066" errors="0" timestamp="2024-06-27T10:52:45 IST">
  <testcase classname="frameworkPractice.Tests.ErrorValidationTest" name="loginErrorValidation" time="0.715">
    <failure type="java.lang.AssertionError" message="expected [Incorrect email or password.] but found [Incorrect email ors password.]">
      <![CDATA[java.lang.AssertionError: expected [Incorrect email or password.] but found [Incorrect email ors password.]
at frameworkPractice.Tests.ErrorValidationTest.loginErrorValidation(ErrorValidationTest.java:18)
at java.base/java.util.concurrent.ThreadPoolExecutor.runWorker(ThreadPoolExecutor.java:1130)
at java.base/java.util.concurrent.ThreadPoolExecutor$Worker.run(ThreadPoolExecutor.java:630)
at java.base/java.lang.Thread.run(Thread.java:831)
... Removed 18 stack frames]]>
    </failure>
  </testcase> <!-- loginErrorValidation -->
  <testcase classname="frameworkPractice.Tests.SubmitOrderTest" name="SubmitOrder" time="5.88"/>
</testsuite> <!-- Integration -->
